Removed Member From Class: ClassName=Microcontroller Member=C33
Removed Member From Class: ClassName=Sensor Board Member=R22
Added Component: Designator=R99(RES_0603)
Add component (AddParameter): Name = "Case Code (Metric)"; Value = "1608"; VariantName = "[No Variations]"
Add component (AddParameter): Name = "Case Code (Imperial)"; Value = "0603"; VariantName = "[No Variations]"
Add component (AddParameter): Name = "Case/Package"; Value = "0603"; VariantName = "[No Variations]"
Add component (AddParameter): Name = "Category"; Value = "Chip SMD Resistors"; VariantName = "[No Variations]"
Add component (AddParameter): Name = "Construction"; Value = "Rectangular"; VariantName = "[No Variations]"
Add component (AddParameter): Name = "Contact Plating"; Value = "Tin,Matte"; VariantName = "[No Variations]"
Add component (AddParameter): Name = "Depth"; Value = "0.8mm"; VariantName = "[No Variations]"
Add component (AddParameter): Name = "Designed by"; Value = "GK"; VariantName = "[No Variations]"
Add component (AddParameter): Name = "Features"; Value = "Moisture Resistant"; VariantName = "[No Variations]"
Add component (AddParameter): Name = "Height"; Value = "0.45mm"; VariantName = "[No Variations]"
Add component (AddParameter): Name = "Lead Free"; Value = "Lead Free"; VariantName = "[No Variations]"
Add component (AddParameter): Name = "Length"; Value = "1.6mm"; VariantName = "[No Variations]"
Add component (AddParameter): Name = "Manufacturer"; Value = "Yageo"; VariantName = "[No Variations]"
Add component (AddParameter): Name = "Manufacturer Part Number"; Value = "RC0603JR-070RL"; VariantName = "[No Variations]"
Add component (AddParameter): Name = "Max Operating Temperature"; Value = "155°C"; VariantName = "[No Variations]"
Add component (AddParameter): Name = "Max Power Dissipation"; Value = "100mW"; VariantName = "[No Variations]"
Add component (AddParameter): Name = "Military Standard"; Value = "Not"; VariantName = "[No Variations]"
Add component (AddParameter): Name = "Min Operating Temperature"; Value = "-55°C"; VariantName = "[No Variations]"
Add component (AddParameter): Name = "Number of Pins"; Value = "2"; VariantName = "[No Variations]"
Add component (AddParameter): Name = "Number of Terminations"; Value = "2"; VariantName = "[No Variations]"
Add component (AddParameter): Name = "Package Quantity"; Value = "5000"; VariantName = "[No Variations]"
Add component (AddParameter): Name = "Packaging"; Value = "Tape and Reel"; VariantName = "[No Variations]"
Add component (AddParameter): Name = "Power Rating"; Value = "100mW"; VariantName = "[No Variations]"
Add component (AddParameter): Name = "Pricing 1"; Value = "5000=0,00224, 10000=0,00195, 25000=0,00171, 50000=0,00160 (USD)"; VariantName = "[No Variations]"
Add component (AddParameter): Name = "Radiation Hardening"; Value = "No"; VariantName = "[No Variations]"
Add component (AddParameter): Name = "REACH SVHC"; Value = "No SVHC"; VariantName = "[No Variations]"
Add component (AddParameter): Name = "Resistance"; Value = "0mR"; VariantName = "[No Variations]"
Add component (AddParameter): Name = "Resistance Tolerance"; Value = "5%"; VariantName = "[No Variations]"
Add component (AddParameter): Name = "Resistor Type"; Value = "Thick Film"; VariantName = "[No Variations]"
Add component (AddParameter): Name = "RoHS"; Value = "Yes"; VariantName = "[No Variations]"
Add component (AddParameter): Name = "RoHS Compliant"; Value = "Yes"; VariantName = "[No Variations]"
Add component (AddParameter): Name = "Series"; Value = "RC"; VariantName = "[No Variations]"
Add component (AddParameter): Name = "Size Code"; Value = "0603"; VariantName = "[No Variations]"
Add component (AddParameter): Name = "Stock 1"; Value = "1697200"; VariantName = "[No Variations]"
Add component (AddParameter): Name = "Supplier 1"; Value = "Digi-Key"; VariantName = "[No Variations]"
Add component (AddParameter): Name = "Supplier Part Number 1"; Value = "311-0.0GRTR-ND"; VariantName = "[No Variations]"
Add component (AddParameter): Name = "Technology"; Value = "THICK FILM"; VariantName = "[No Variations]"
Add component (AddParameter): Name = "Temperature Coefficient"; Value = "200ppm/°C"; VariantName = "[No Variations]"
Add component (AddParameter): Name = "Termination"; Value = "SMD/SMT"; VariantName = "[No Variations]"
Add component (AddParameter): Name = "Tolerance"; Value = "1%"; VariantName = "[No Variations]"
Add component (AddParameter): Name = "Voltage Rating"; Value = "50V"; VariantName = "[No Variations]"
Add component (AddParameter): Name = "Voltage Rating (DC)"; Value = "50V"; VariantName = "[No Variations]"
Add component (AddParameter): Name = "Width"; Value = "0.8mm"; VariantName = "[No Variations]"
Added Pin To Net: NetName=GND Pin=R99-1
Added Pin To Net: NetName=GND Pin=R99-2
Added Member To Class: ClassName=Microcontroller Member=Component C26 ALA7DF471CF450
Added Member To Class: ClassName=Microcontroller Member=Component C28 CL21B104KBCNNNC
Added Member To Class: ClassName=Microcontroller Member=Component C30 CL21B105KBFNNNE
Added Member To Class: ClassName=Sensor Board Member=Component C32 0603B103K500CT
Added Member To Class: ClassName=Sensor Board Member=Component C34 C0603C104K5RACTU
Added Member To Class: ClassName=Sensor Board Member=Component C36 ALA7DF471CF450
Added Member To Class: ClassName=Sensor Board Member=Component C38 ALA7DF471CF450
Added Member To Class: ClassName=Sensor Board Member=Component C40 CL21B105KBFNNNE
Added Member To Class: ClassName=Sensor Board Member=Component C42 CL21B105KBFNNNE
Added Member To Class: ClassName=Sensor Board Member=Component C44 CL21A475KAQNNNE
Added Member To Class: ClassName=Microcontroller Member=Component R17 RC0603JR-07100RL
Added Member To Class: ClassName=Microcontroller Member=Component R19 RC0603JR-07100RL
Added Member To Class: ClassName=Microcontroller Member=Component R21 RC0603FR-101KL
Added Member To Class: ClassName=Sensor Board Member=Component R23 RC0603JR-07560KL
Added Member To Class: ClassName=Sensor Board Member=Component R25 RC0201FR-0710KL
Added Member To Class: ClassName=Sensor Board Member=Component R27 RC0603JR-07560KL
Added Member To Class: ClassName=Sensor Board Member=Component R29 RC0603FR-101KL
Added Member To Class: ClassName=Sensor Board Member=Component R31 RC0603JR-07220KL
Added Member To Class: ClassName=Sensor Board Member=Component R33 RC0603JR-07220KL
Added Member To Class: ClassName=Sensor Board Member=Component R35 RC0603JR-070RL
Added Member To Class: ClassName=Sensor Board Member=Component R37 RC0603JR-07100RL
Added Member To Class: ClassName=Sensor Board Member=Component R99 RC0603JR-070RL
