Removed Pin From Net: NetName=GND Pin=M-USB1-6
Removed Pin From Net: NetName=GND Pin=M-USB1-7
Removed Pin From Net: NetName=GND Pin=M-USB1-8
Removed Pin From Net: NetName=GND Pin=M-USB1-9
Removed Pin From Net: NetName=GND Pin=SW1-3
Removed Pin From Net: NetName=GND Pin=SW1-4
Removed Pin From Net: NetName=GND Pin=SW1-5
Removed Pin From Net: NetName=GND Pin=SW1-6
Removed Pin From Net: NetName=GND Pin=SW1-7
Removed Pin From Net: NetName=GND Pin=SW1-a
Removed Pin From Net: NetName=GND Pin=SW1-a
Removed Pin From Net: NetName=SENSOR ON/OFF Pin=U4-39
Removed Pin From Net: NetName=GND Pin=U6-G
Removed Pin From Net: NetName=GND Pin=U6-G
Removed Pin From Net: NetName=GND Pin=U6-G
Removed Pin From Net: NetName=GND Pin=U6-G
Removed Pin From Net: NetName=GND Pin=U6-G
Removed Pin From Net: NetName=GND Pin=U6-G
Removed Pin From Net: NetName=GND Pin=U6-G
Removed Pin From Net: NetName=GND Pin=U6-G
Removed Pin From Net: NetName=GND Pin=U6-G
Added Pin To Net: NetName=SENSOR ON/OFF Pin=U4-27
Change Net Name : Old Net Name=NetC19_2 New Net Name=OSC_N
Change Net Name : Old Net Name=NetC20_2 New Net Name=OSC_P
