Removed Pin From Net: NetName=LED_S Pin=J8-3
Removed Pin From Net: NetName=NetJ7_2 Pin=J8-5
Removed Pin From Net: NetName=GND Pin=M-USB1-6
Removed Pin From Net: NetName=GND Pin=M-USB1-7
Removed Pin From Net: NetName=GND Pin=M-USB1-8
Removed Pin From Net: NetName=GND Pin=M-USB1-9
Removed Pin From Net: NetName=GND Pin=SW1-3
Removed Pin From Net: NetName=GND Pin=SW1-4
Removed Pin From Net: NetName=GND Pin=SW1-5
Removed Pin From Net: NetName=GND Pin=SW1-6
Removed Pin From Net: NetName=GND Pin=SW1-7
Removed Pin From Net: NetName=GND Pin=SW1-a
Removed Pin From Net: NetName=GND Pin=SW1-a
Removed Pin From Net: NetName=NetJ7_4 Pin=U4-19
Removed Pin From Net: NetName=NetJ7_2 Pin=U4-40
Removed Pin From Net: NetName=NetJ7_2 Pin=U8-8
Added Pin To Net: NetName=NetJ7_4 Pin=J8-3
Added Pin To Net: NetName=LED_S Pin=J8-5
Added Pin To Net: NetName=NetJ7_2 Pin=U4-19
Added Pin To Net: NetName=NetJ7_4 Pin=U4-40
Added Pin To Net: NetName=NetJ7_4 Pin=U8-8
