Removed Pin From Net: NetName=5VDC Pin=C6-2
Removed Pin From Net: NetName=5VDC Pin=D3-1
Removed Pin From Net: NetName=5VDC Pin=L1-1
Removed Pin From Net: NetName=5VDC Pin=U2-8
Added Component: Designator=C?(CAP_0603)
Add component (AddParameter): Name = "Capaticante"; Value = "100nF"; VariantName = "[No Variations]"
Add component (AddParameter): Name = "Case/Package"; Value = "0603"; VariantName = "[No Variations]"
Add component (AddParameter): Name = "Designed by"; Value = "GK"; VariantName = "[No Variations]"
Add component (AddParameter): Name = "Manufacturer"; Value = "KEMET"; VariantName = "[No Variations]"
Add component (AddParameter): Name = "Manufacturer Part Number"; Value = "ALA7DF471CF450"; VariantName = "[No Variations]"
Add component (AddParameter): Name = "Pricing 1"; Value = "1120=5,49651 (USD)"; VariantName = "[No Variations]"
Add component (AddParameter): Name = "RoHS"; Value = "No"; VariantName = "[No Variations]"
Add component (AddParameter): Name = "Supplier 1"; Value = "Digi-Key"; VariantName = "[No Variations]"
Add component (AddParameter): Name = "Supplier Part Number 1"; Value = "ALA7DF471CF450-ND"; VariantName = "[No Variations]"
Added Pin To Net: NetName=GND Pin=C?-1
Added Pin To Net: NetName=5VDC Pin=C?-2
Added Pin To Net: NetName=NetC6_2 Pin=C6-2
Added Pin To Net: NetName=NetC6_2 Pin=D3-1
Added Pin To Net: NetName=NetC6_2 Pin=L1-1
Added Pin To Net: NetName=NetC6_2 Pin=U2-8
Added Net: Name=NetC6_2
Added Member To Class: ClassName=Microcontroller Member=Component C? ALA7DF471CF450
